SuperManApp/Supermanb/proguard/seeds.txt
com.supermanb.supermanb.R$anim
com.supermanb.supermanb.R$anim: int push_bottom_in
com.supermanb.supermanb.R$anim: int push_bottom_in2
com.supermanb.supermanb.R$anim: int push_bottom_out
com.supermanb.supermanb.R$array
com.supermanb.supermanb.R$array: int city_open_name
com.supermanb.supermanb.R$array: int umeng_fb_contact_key_array
com.supermanb.supermanb.R$array: int umeng_fb_contact_type_array
com.supermanb.supermanb.R$attr
com.supermanb.supermanb.R$color
com.supermanb.supermanb.R$color: int button_bg
com.supermanb.supermanb.R$color: int button_bg_pre
com.supermanb.supermanb.R$color: int layout_bg
com.supermanb.supermanb.R$color: int orderstatus_0
com.supermanb.supermanb.R$color: int orderstatus_1
com.supermanb.supermanb.R$color: int orderstatus_2
com.supermanb.supermanb.R$color: int orderstatus_3
com.supermanb.supermanb.R$color: int text_black
com.supermanb.supermanb.R$color: int text_color
com.supermanb.supermanb.R$color: int text_lite
com.supermanb.supermanb.R$color: int umeng_fb_gray
com.supermanb.supermanb.R$color: int umeng_fb_lightblue
com.supermanb.supermanb.R$color: int umeng_fb_line
com.supermanb.supermanb.R$color: int umeng_fb_secondary_text_light
com.supermanb.supermanb.R$color: int umeng_fb_white
com.supermanb.supermanb.R$dimen
com.supermanb.supermanb.R$dimen: int _10dp
com.supermanb.supermanb.R$dimen: int _12sp
com.supermanb.supermanb.R$dimen: int _14dp
com.supermanb.supermanb.R$dimen: int _14sp
com.supermanb.supermanb.R$dimen: int _16dp
com.supermanb.supermanb.R$dimen: int _16sp
com.supermanb.supermanb.R$dimen: int _18sp
com.supermanb.supermanb.R$dimen: int _20dp
com.supermanb.supermanb.R$dimen: int _24dp
com.supermanb.supermanb.R$dimen: int _30dp
com.supermanb.supermanb.R$dimen: int _3dp
com.supermanb.supermanb.R$dimen: int _40dp
com.supermanb.supermanb.R$dimen: int _5dp
com.supermanb.supermanb.R$dimen: int _6dp
com.supermanb.supermanb.R$dimen: int _80dp
com.supermanb.supermanb.R$dimen: int _8dp
com.supermanb.supermanb.R$dimen: int layoutPadding
com.supermanb.supermanb.R$dimen: int umeng_fb_item_content_size
com.supermanb.supermanb.R$dimen: int umeng_fb_item_height
com.supermanb.supermanb.R$dimen: int umeng_fb_item_line_height
com.supermanb.supermanb.R$dimen: int umeng_fb_item_time_size
com.supermanb.supermanb.R$dimen: int umeng_fb_spinner_padding_left
com.supermanb.supermanb.R$drawable
com.supermanb.supermanb.R$drawable: int action_bake_icon
com.supermanb.supermanb.R$drawable: int app_icon
com.supermanb.supermanb.R$drawable: int back
com.supermanb.supermanb.R$drawable: int bg_shap
com.supermanb.supermanb.R$drawable: int btn_style_alert_dialog_background
com.supermanb.supermanb.R$drawable: int btn_style_alert_dialog_button
com.supermanb.supermanb.R$drawable: int btn_style_alert_dialog_button_normal
com.supermanb.supermanb.R$drawable: int btn_style_alert_dialog_button_pressed
com.supermanb.supermanb.R$drawable: int btn_style_alert_dialog_cancel
com.supermanb.supermanb.R$drawable: int btn_style_alert_dialog_cancel_normal
com.supermanb.supermanb.R$drawable: int btn_style_alert_dialog_special
com.supermanb.supermanb.R$drawable: int btn_style_alert_dialog_special_normal
com.supermanb.supermanb.R$drawable: int btn_style_alert_dialog_special_pressed
com.supermanb.supermanb.R$drawable: int button_selector
com.supermanb.supermanb.R$drawable: int button_shap_nor
com.supermanb.supermanb.R$drawable: int button_shap_pre
com.supermanb.supermanb.R$drawable: int chack_nor
com.supermanb.supermanb.R$drawable: int chack_pre
com.supermanb.supermanb.R$drawable: int chack_shap
com.supermanb.supermanb.R$drawable: int chack_shap_pre
com.supermanb.supermanb.R$drawable: int check_selector
com.supermanb.supermanb.R$drawable: int daijiwdan
com.supermanb.supermanb.R$drawable: int first_activity
com.supermanb.supermanb.R$drawable: int go
...
com.baidu.mapapi.search.route.TransitRouteResult
com.baidu.mapapi.search.route.TransitRouteResult: com.baidu.mapapi.search.core.TaxiInfo a
com.baidu.mapapi.search.route.TransitRouteResult: java.util.List b
com.baidu.mapapi.search.route.TransitRouteResult: com.baidu.mapapi.search.route.SuggestAddrInfo c
com.baidu.mapapi.search.route.TransitRouteResult: TransitRouteResult()
com.baidu.mapapi.search.route.TransitRouteResult: TransitRouteResult(com.baidu.mapapi.search.core.SearchResult$ERRORNO)
com.baidu.mapapi.search.route.TransitRouteResult: com.baidu.mapapi.search.core.TaxiInfo getTaxiInfo()
com.baidu.mapapi.search.route.TransitRouteResult: void a(com.baidu.mapapi.search.core.TaxiInfo)
com.baidu.mapapi.search.route.TransitRouteResult: void a(java.util.List)
com.baidu.mapapi.search.route.TransitRouteResult: java.util.List getRouteLines()
com.baidu.mapapi.search.route.TransitRouteResult: com.baidu.mapapi.search.route.SuggestAddrInfo getSuggestAddrInfo()
com.baidu.mapapi.search.route.TransitRouteResult: void a(com.baidu.mapapi.search.route.SuggestAddrInfo)
com.baidu.mapapi.search.route.WalkingRouteLine
com.baidu.mapapi.search.route.WalkingRouteLine: WalkingRouteLine()
com.baidu.mapapi.search.route.WalkingRouteLine: java.util.List getAllStep()
com.baidu.mapapi.search.route.WalkingRouteLine$WalkingStep
com.baidu.mapapi.search.route.WalkingRouteLine$WalkingStep: int c
com.baidu.mapapi.search.route.WalkingRouteLine$WalkingStep: com.baidu.mapapi.search.core.RouteNode d
com.baidu.mapapi.search.route.WalkingRouteLine$WalkingStep: com.baidu.mapapi.search.core.RouteNode e
com.baidu.mapapi.search.route.WalkingRouteLine$WalkingStep: java.lang.String f
com.baidu.mapapi.search.route.WalkingRouteLine$WalkingStep: java.lang.String g
com.baidu.mapapi.search.route.WalkingRouteLine$WalkingStep: java.lang.String h
com.baidu.mapapi.search.route.WalkingRouteLine$WalkingStep: java.lang.String i
com.baidu.mapapi.search.route.WalkingRouteLine$WalkingStep: WalkingRouteLine$WalkingStep()
com.baidu.mapapi.search.route.WalkingRouteLine$WalkingStep: java.util.List getWayPoints()
com.baidu.mapapi.search.route.WalkingRouteLine$WalkingStep: int getDirection()
com.baidu.mapapi.search.route.WalkingRouteLine$WalkingStep: void a(int)
com.baidu.mapapi.search.route.WalkingRouteLine$WalkingStep: com.baidu.mapapi.search.core.RouteNode getEntrace()
com.baidu.mapapi.search.route.WalkingRouteLine$WalkingStep: void a(com.baidu.mapapi.search.core.RouteNode)
com.baidu.mapapi.search.route.WalkingRouteLine$WalkingStep: com.baidu.mapapi.search.core.RouteNode getExit()
com.baidu.mapapi.search.route.WalkingRouteLine$WalkingStep: void b(com.baidu.mapapi.search.core.RouteNode)
com.baidu.mapapi.search.route.WalkingRouteLine$WalkingStep: void a(java.lang.String)
com.baidu.mapapi.search.route.WalkingRoutePlanOption
com.baidu.mapapi.search.route.WalkingRoutePlanOption: com.baidu.mapapi.search.route.PlanNode a
com.baidu.mapapi.search.route.WalkingRoutePlanOption: com.baidu.mapapi.search.route.PlanNode b
com.baidu.mapapi.search.route.WalkingRoutePlanOption: WalkingRoutePlanOption()
com.baidu.mapapi.search.route.WalkingRoutePlanOption: com.baidu.mapapi.search.route.WalkingRoutePlanOption from(com.baidu.mapapi.search.route.PlanNode)
com.baidu.mapapi.search.route.WalkingRoutePlanOption: com.baidu.mapapi.search.route.WalkingRoutePlanOption to(com.baidu.mapapi.search.route.PlanNode)