SuperManApp/Supermanb/proguard/usage.txt
com.supermanb.supermanb.BuildConfig
com.supermanb.supermanb.Manifest
com.supermanb.supermanb.Manifest$permission
com.supermanb.supermanb.R:
    10:10:public R()
...
com.umeng.update.net.h
com.umeng.update.net.i
com.umeng.update.net.i$a
com.umeng.update.net.j:
    private static final long c
    private static final long d
    private static final long e
    87:92:private static java.lang.String b(java.lang.String)
    120:167:public static java.lang.String a(android.content.Context,java.lang.String)
    326:340:protected static java.io.File b(android.content.Context,java.lang.String)
    357:358:public static void a(android.content.Context,android.widget.ImageView,java.lang.String,boolean)
    374:375:public static void a(android.content.Context,android.widget.ImageView,java.lang.String,boolean,com.umeng.update.net.j$a)
    393:394:public static void a(android.content.Context,android.widget.ImageView,java.lang.String,boolean,com.umeng.update.net.j$a,android.view.animation.Animation)
    413:434:public static void a(android.content.Context,android.widget.ImageView,java.lang.String,boolean,com.umeng.update.net.j$a,android.view.animation.Animation,boolean)
    443:446:private static boolean a(android.widget.ImageView,java.lang.String)
    453:484:private static synchronized void b(android.content.Context,android.widget.ImageView,android.graphics.drawable.Drawable,boolean,com.umeng.update.net.j$a,android.view.animation.Animation,boolean,java.lang.String)
    566:572:private static android.graphics.drawable.Drawable c(java.lang.String)
    612:636:private static android.graphics.Bitmap a(android.graphics.Bitmap)
com.umeng.update.net.j$a
com.umeng.update.net.j$b
com.umeng.update.net.j$c
com.umeng.update.util.DeltaUpdate:
    private static final java.lang.String b
    10:10:public DeltaUpdate()
com.umeng.update.util.a
com.umeng.update.util.c
constant.Constants:
    public static final boolean MODE_DEBUG
    public static final boolean LOAD_LOG_MSG
    public static final java.lang.String TIME_FROMAT_LOG
    public static final java.lang.String host
    public static final java.lang.String URL_PostRegisterInfo
    public static final java.lang.String URL_PostLogin_B
    public static final java.lang.String URL_PostGetVerifyCode_B
    public static final java.lang.String URL_CHANGE_PASSWORD_GetVerifyCode_B
    public static final java.lang.String URL_POST_CHANGE_PASSWORD
    public static final java.lang.String URL_ADD_ADDRESS
    public static final java.lang.String URL_CANCEL_ORDER
    public static final java.lang.String URL_REGIST
    public static final java.lang.String URL_LOGIN
    public static final java.lang.String URL_AUDIT
    public static final java.lang.String URL_GET_ORDER_LIST
    public static final java.lang.String URL_POST_PUBLISH_ORDER
    public static final java.lang.String URL_GET_ORDER_SATISTICS
    public static final java.lang.String CODE_TYPE
    3:3:public Constants()
picker.CityDataHelper:
    public static final java.lang.String DB_NAME
    public static final java.lang.String PACKAGE_NAME
    85:87:public void closeDatabase()
picker.CityWorker:
    23:53:public java.util.List getProvince()
    82:112:public java.util.List getCityByProvince(java.lang.String)
    157:174:public java.lang.String[] getArea(java.lang.String)
    184:201:public java.lang.String[] getCity(java.lang.String)
    211:226:public java.lang.String getProvince(java.lang.String)
    230:232:public void closeCityWorker()
u.aly.a:
    80:81:public void a(u.aly.ar)
u.aly.aa:
    private static final long e
    21:21:public java.lang.String a()
u.aly.ae:
    17:19:public ae(org.json.JSONArray)
u.aly.ag:
    1:1:public static u.aly.ag[] values()
u.aly.ah:
    private static final int f
    129:132:public ah(u.aly.ah)
    135:135:public u.aly.ah a()
    140:142:public void b()
    145:145:public long c()
    149:151:public u.aly.ah a(long)
    155:156:public void d()
    168:168:public u.aly.ah$e a(int)
    199:203:private void a(java.io.ObjectOutputStream)
    208:213:private void a(java.io.ObjectInputStream)
    1:1:public synthetic u.aly.cg b(int)
    1:1:public synthetic u.aly.bz g()